Performing C++ SOURCE FILE Test HAVE_STD_ATOMIC failed with the following output:
Change Dir: /home/eduardo/Documents/CuarzoPlayer/lib/taglib-1.11.1/CMakeFiles/CMakeTmp

Run Build Command:"/usr/bin/make" "cmTC_98372/fast"
/usr/bin/make -f CMakeFiles/cmTC_98372.dir/build.make CMakeFiles/cmTC_98372.dir/build
make[1]: Entering directory '/home/eduardo/Documents/CuarzoPlayer/lib/taglib-1.11.1/CMakeFiles/CMakeTmp'
Building CXX object CMakeFiles/cmTC_98372.dir/src.cxx.o
/usr/bin/c++     -Wall -DHAVE_STD_ATOMIC   -o CMakeFiles/cmTC_98372.dir/src.cxx.o -c /home/eduardo/Documents/CuarzoPlayer/lib/taglib-1.11.1/CMakeFiles/CMakeTmp/src.cxx
In file included from /usr/include/c++/5/atomic:38:0,
                 from /home/eduardo/Documents/CuarzoPlayer/lib/taglib-1.11.1/CMakeFiles/CMakeTmp/src.cxx:2:
/usr/include/c++/5/bits/c++0x_warning.h:32:2: error: #error This file requires compiler and library support for the ISO C++ 2011 standard. This support must be enabled with the -std=c++11 or -std=gnu++11 compiler options.
 #error This file requires compiler and library support \
  ^
/home/eduardo/Documents/CuarzoPlayer/lib/taglib-1.11.1/CMakeFiles/CMakeTmp/src.cxx: In function ‘int main()’:
/home/eduardo/Documents/CuarzoPlayer/lib/taglib-1.11.1/CMakeFiles/CMakeTmp/src.cxx:4:5: error: ‘atomic’ is not a member of ‘std’
     std::atomic<unsigned int> x;
     ^
/home/eduardo/Documents/CuarzoPlayer/lib/taglib-1.11.1/CMakeFiles/CMakeTmp/src.cxx:4:17: error: expected primary-expression before ‘unsigned’
     std::atomic<unsigned int> x;
                 ^
/home/eduardo/Documents/CuarzoPlayer/lib/taglib-1.11.1/CMakeFiles/CMakeTmp/src.cxx:5:5: error: ‘x’ was not declared in this scope
     x.fetch_add(1);
     ^
CMakeFiles/cmTC_98372.dir/build.make:65: recipe for target 'CMakeFiles/cmTC_98372.dir/src.cxx.o' failed
make[1]: *** [CMakeFiles/cmTC_98372.dir/src.cxx.o] Error 1
make[1]: Leaving directory '/home/eduardo/Documents/CuarzoPlayer/lib/taglib-1.11.1/CMakeFiles/CMakeTmp'
Makefile:126: recipe for target 'cmTC_98372/fast' failed
make: *** [cmTC_98372/fast] Error 2

Source file was:

  #include <atomic>
  int main() {
    std::atomic<unsigned int> x;
    x.fetch_add(1);
    x.fetch_sub(1);
    return 0;
  }

Performing C++ SOURCE FILE Test HAVE_BOOST_BYTESWAP failed with the following output:
Change Dir: /home/eduardo/Documents/CuarzoPlayer/lib/taglib-1.11.1/CMakeFiles/CMakeTmp

Run Build Command:"/usr/bin/make" "cmTC_e039b/fast"
/usr/bin/make -f CMakeFiles/cmTC_e039b.dir/build.make CMakeFiles/cmTC_e039b.dir/build
make[1]: Entering directory '/home/eduardo/Documents/CuarzoPlayer/lib/taglib-1.11.1/CMakeFiles/CMakeTmp'
Building CXX object CMakeFiles/cmTC_e039b.dir/src.cxx.o
/usr/bin/c++     -Wall -DHAVE_BOOST_BYTESWAP   -o CMakeFiles/cmTC_e039b.dir/src.cxx.o -c /home/eduardo/Documents/CuarzoPlayer/lib/taglib-1.11.1/CMakeFiles/CMakeTmp/src.cxx
/home/eduardo/Documents/CuarzoPlayer/lib/taglib-1.11.1/CMakeFiles/CMakeTmp/src.cxx:2:41: fatal error: boost/endian/conversion.hpp: No such file or directory
compilation terminated.
CMakeFiles/cmTC_e039b.dir/build.make:65: recipe for target 'CMakeFiles/cmTC_e039b.dir/src.cxx.o' failed
make[1]: *** [CMakeFiles/cmTC_e039b.dir/src.cxx.o] Error 1
make[1]: Leaving directory '/home/eduardo/Documents/CuarzoPlayer/lib/taglib-1.11.1/CMakeFiles/CMakeTmp'
Makefile:126: recipe for target 'cmTC_e039b/fast' failed
make: *** [cmTC_e039b/fast] Error 2

Source file was:

  #include <boost/endian/conversion.hpp>
  int main() {
    boost::endian::endian_reverse(static_cast<uint16_t>(1));
    boost::endian::endian_reverse(static_cast<uint32_t>(1));
    boost::endian::endian_reverse(static_cast<uint64_t>(1));
    return 0;
  }

Performing C++ SOURCE FILE Test HAVE_ISO_STRDUP failed with the following output:
Change Dir: /home/eduardo/Documents/CuarzoPlayer/lib/taglib-1.11.1/CMakeFiles/CMakeTmp

Run Build Command:"/usr/bin/make" "cmTC_41c18/fast"
/usr/bin/make -f CMakeFiles/cmTC_41c18.dir/build.make CMakeFiles/cmTC_41c18.dir/build
make[1]: Entering directory '/home/eduardo/Documents/CuarzoPlayer/lib/taglib-1.11.1/CMakeFiles/CMakeTmp'
Building CXX object CMakeFiles/cmTC_41c18.dir/src.cxx.o
/usr/bin/c++     -Wall -DHAVE_ISO_STRDUP   -o CMakeFiles/cmTC_41c18.dir/src.cxx.o -c /home/eduardo/Documents/CuarzoPlayer/lib/taglib-1.11.1/CMakeFiles/CMakeTmp/src.cxx
/home/eduardo/Documents/CuarzoPlayer/lib/taglib-1.11.1/CMakeFiles/CMakeTmp/src.cxx: In function ‘int main()’:
/home/eduardo/Documents/CuarzoPlayer/lib/taglib-1.11.1/CMakeFiles/CMakeTmp/src.cxx:4:14: error: ‘_strdup’ was not declared in this scope
     _strdup(0);
              ^
CMakeFiles/cmTC_41c18.dir/build.make:65: recipe for target 'CMakeFiles/cmTC_41c18.dir/src.cxx.o' failed
make[1]: *** [CMakeFiles/cmTC_41c18.dir/src.cxx.o] Error 1
make[1]: Leaving directory '/home/eduardo/Documents/CuarzoPlayer/lib/taglib-1.11.1/CMakeFiles/CMakeTmp'
Makefile:126: recipe for target 'cmTC_41c18/fast' failed
make: *** [cmTC_41c18/fast] Error 2

Source file was:

  #include <cstring>
  int main() {
    _strdup(0);
    return 0;
  }

Determining if the function __RTTI___ exists in the Crun failed with the following output:
Change Dir: /home/eduardo/Documents/CuarzoPlayer/lib/taglib-1.11.1/CMakeFiles/CMakeTmp

Run Build Command:"/usr/bin/make" "cmTC_17242/fast"
/usr/bin/make -f CMakeFiles/cmTC_17242.dir/build.make CMakeFiles/cmTC_17242.dir/build
make[1]: Entering directory '/home/eduardo/Documents/CuarzoPlayer/lib/taglib-1.11.1/CMakeFiles/CMakeTmp'
Building C object CMakeFiles/cmTC_17242.dir/CheckFunctionExists.c.o
/usr/bin/cc    -Wall -DCHECK_FUNCTION_EXISTS=__RTTI___   -o CMakeFiles/cmTC_17242.dir/CheckFunctionExists.c.o   -c /usr/share/cmake-3.5/Modules/CheckFunctionExists.c
Linking C executable cmTC_17242
/usr/bin/cmake -E cmake_link_script CMakeFiles/cmTC_17242.dir/link.txt --verbose=1
/usr/bin/cc   -Wall -DCHECK_FUNCTION_EXISTS=__RTTI___    CMakeFiles/cmTC_17242.dir/CheckFunctionExists.c.o  -o cmTC_17242 -rdynamic -lCrun 
/usr/bin/ld: cannot find -lCrun
collect2: error: ld returned 1 exit status
CMakeFiles/cmTC_17242.dir/build.make:97: recipe for target 'cmTC_17242' failed
make[1]: *** [cmTC_17242] Error 1
make[1]: Leaving directory '/home/eduardo/Documents/CuarzoPlayer/lib/taglib-1.11.1/CMakeFiles/CMakeTmp'
Makefile:126: recipe for target 'cmTC_17242/fast' failed
make: *** [cmTC_17242/fast] Error 2


